<?xml version="1.0" encoding="UTF-8"?>
<!-- Generated by org.testng.reporters.JUnitReportReporter -->
<testsuite skipped="0" hostname="TRNROOM10-03" name="com.testAnnotations.Order" tests="3" failures="0" timestamp="26 Nov 2018 07:09:03 GMT" time="0.014" errors="0">
  <testcase name="SaveEmail" time="0.011" classname="com.testAnnotations.Order"/>
  <testcase name="compose" time="0.002" classname="com.testAnnotations.Order"/>
  <testcase name="login" time="0.001" classname="com.testAnnotations.Order"/>
</testsuite> <!-- com.testAnnotations.Order -->
