<?xml version="1.0" encoding="UTF-8"?>
<!-- Generated by org.testng.reporters.JUnitReportReporter -->
<testsuite skipped="0" hostname="TRNROOM10-03" name="com.testAnnotations.Annot" tests="3" failures="0" timestamp="26 Nov 2018 06:52:31 GMT" time="0.012" errors="0">
  <testcase name="testCase3" time="0.003" classname="com.testAnnotations.Annot"/>
  <testcase name="testCase1" time="0.007" classname="com.testAnnotations.Annot"/>
  <testcase name="testCase2" time="0.002" classname="com.testAnnotations.Annot"/>
</testsuite> <!-- com.testAnnotations.Annot -->
