<?xml version="1.0" encoding="UTF-8"?>
<!-- Generated by org.testng.reporters.JUnitReportReporter -->
<testsuite skipped="0" hostname="TRNROOM10-03" name="com.testAnnotations.DependencyExample" tests="1" failures="0" timestamp="26 Nov 2018 11:36:07 GMT" time="0.001" errors="0">
  <testcase name="login" time="0.001" classname="com.testAnnotations.DependencyExample"/>
</testsuite> <!-- com.testAnnotations.DependencyExample -->
